<?xml version="1.0" encoding="UTF-8"?>
<testsuite name="com.Eungbyeonmuga.RookieKBO.RookieKboApplicationTests" tests="1" skipped="0" failures="0" errors="0" timestamp="2024-10-11T13:22:50" hostname="Macbook-m3-Pro-K.local" time="0.345">
  <properties/>
  <testcase name="contextLoads()" classname="com.Eungbyeonmuga.RookieKBO.RookieKboApplicationTests" time="0.345"/>
  <system-out><![CDATA[22:22:50.079 [Test worker] INFO org.springframework.test.context.support.AnnotationConfigContextLoaderUtils -- Could not detect default configuration classes for test class [com.Eungbyeonmuga.RookieKBO.RookieKboApplicationTests]: RookieKboApplicationTests does not declare any static, non-private, non-final, nested classes annotated with @Configuration.
22:22:50.110 [Test worker] INFO org.springframework.boot.test.context.SpringBootTestContextBootstrapper -- Found @SpringBootConfiguration com.Eungbyeonmuga.RookieKBO.RookieKboApplication for test class com.Eungbyeonmuga.RookieKBO.RookieKboApplicationTests

  .   ____          _            __ _ _
 /\\ / ___'_ __ _ _(_)_ __  __ _ \ \ \ \
( ( )\___ | '_ | '_| | '_ \/ _` | \ \ \ \
 \\/  ___)| |_)| | | | | || (_| |  ) ) ) )
  '  |____| .__|_| |_|_| |_\__, | / / / /
 =========|_|==============|___/=/_/_/_/

 :: Spring Boot ::                (v3.3.4)

2024-10-11T22:22:50.241+09:00  INFO 62452 --- [RookieKBO] [    Test worker] c.E.RookieKBO.RookieKboApplicationTests  : Starting RookieKboApplicationTests using Java 17.0.8.1 with PID 62452 (started by kyungsoolee in /Users/kyungsoolee/GitRepositories/Spring/RookieKBO-Spring)
2024-10-11T22:22:50.242+09:00  INFO 62452 --- [RookieKBO] [    Test worker] c.E.RookieKBO.RookieKboApplicationTests  : The following 1 profile is active: "local"
2024-10-11T22:22:50.554+09:00  INFO 62452 --- [RookieKBO] [    Test worker] c.E.RookieKBO.RookieKboApplicationTests  : Started RookieKboApplicationTests in 0.403 seconds (process running for 0.75)
]]></system-out>
  <system-err><![CDATA[]]></system-err>
</testsuite>
